   Compiling time-network v0.1.0 (C:\Users\wmcor\projects\time-coin\network)
    Checking time-mempool v0.1.0 (C:\Users\wmcor\projects\time-coin\mempool)
    Checking time-consensus v0.1.0 (C:\Users\wmcor\projects\time-coin\consensus)
    Checking wallet v0.1.0 (C:\Users\wmcor\projects\time-coin\wallet)
   Compiling time-cli v0.1.0 (C:\Users\wmcor\projects\time-coin\cli)
error: implementation is not supported in `trait`s or `impl`s
  --> wallet\src\address.rs:98:5
   |
98 |     impl std::fmt::Display for Address {
   |     ^^^^^^^^^^^^^^^^^^^^^^^^^^^^^^^^^^
   |
   = help: consider moving the implementation out to a nearby module scope

error: you should consider adding a `Default` implementation for `ResourceMonitor`
  --> mempool\src\resource_monitor.rs:12:5
   |
12 | /     pub fn new() -> Self {
13 | |         Self {
14 | |             system: Arc::new(RwLock::new(System::new_all())),
15 | |             warning_threshold_percent: 75.0,
...  |
18 | |     }
   | |_____^
   |
   = help: for further information visit https://rust-lang.github.io/rust-clippy/master/index.html#new_without_default
   = note: `-D clippy::new-without-default` implied by `-D warnings`
   = help: to override `-D warnings` add `#[allow(clippy::new_without_default)]`
help: try adding this
   |
11 + impl Default for ResourceMonitor {
12 +     fn default() -> Self {
13 +         Self::new()
14 +     }
15 + }
   |

error: could not compile `wallet` (lib) due to 1 previous error
warning: build failed, waiting for other jobs to finish...
error: empty string literal in `println!`
  --> mempool\src\resource_monitor.rs:78:17
   |
78 |                 println!("");
   |                 ^^^^^^^^^--^
   |                          |
   |                          help: remove the empty string
   |
   = help: for further information visit https://rust-lang.github.io/rust-clippy/master/index.html#println_empty_string
   = note: `-D clippy::println-empty-string` implied by `-D warnings`
   = help: to override `-D warnings` add `#[allow(clippy::println_empty_string)]`

error: empty string literal in `println!`
  --> mempool\src\resource_monitor.rs:91:17
   |
91 |                 println!("");
   |                 ^^^^^^^^^--^
   |                          |
   |                          help: remove the empty string
   |
   = help: for further information visit https://rust-lang.github.io/rust-clippy/master/index.html#println_empty_string

error: empty string literal in `println!`
  --> mempool\src\resource_monitor.rs:97:17
   |
97 |                 println!("");
   |                 ^^^^^^^^^--^
   |                          |
   |                          help: remove the empty string
   |
   = help: for further information visit https://rust-lang.github.io/rust-clippy/master/index.html#println_empty_string

error: empty string literal in `println!`
   --> mempool\src\resource_monitor.rs:100:17
    |
100 |                 println!("");
    |                 ^^^^^^^^^--^
    |                          |
    |                          help: remove the empty string
    |
    = help: for further information visit https://rust-lang.github.io/rust-clippy/master/index.html#println_empty_string

error: empty string literal in `println!`
   --> mempool\src\resource_monitor.rs:113:17
    |
113 |                 println!("");
    |                 ^^^^^^^^^--^
    |                          |
    |                          help: remove the empty string
    |
    = help: for further information visit https://rust-lang.github.io/rust-clippy/master/index.html#println_empty_string

error: empty string literal in `println!`
   --> mempool\src\resource_monitor.rs:118:17
    |
118 |                 println!("");
    |                 ^^^^^^^^^--^
    |                          |
    |                          help: remove the empty string
    |
    = help: for further information visit https://rust-lang.github.io/rust-clippy/master/index.html#println_empty_string

error: empty string literal in `println!`
   --> mempool\src\resource_monitor.rs:125:17
    |
125 |                 println!("");
    |                 ^^^^^^^^^--^
    |                          |
    |                          help: remove the empty string
    |
    = help: for further information visit https://rust-lang.github.io/rust-clippy/master/index.html#println_empty_string

error: the borrowed expression implements the required traits
   --> mempool\src\lib.rs:180:23
    |
180 |         hasher.update(&tx.version.to_le_bytes());
    |                       ^^^^^^^^^^^^^^^^^^^^^^^^^ help: change this to: `tx.version.to_le_bytes()`
    |
    = help: for further information visit https://rust-lang.github.io/rust-clippy/master/index.html#needless_borrows_for_generic_args
    = note: `-D clippy::needless-borrows-for-generic-args` implied by `-D warnings`
    = help: to override `-D warnings` add `#[allow(clippy::needless_borrows_for_generic_args)]`

error: the borrowed expression implements the required traits
   --> mempool\src\lib.rs:184:27
    |
184 |             hasher.update(&input.previous_output.vout.to_le_bytes());
    |                           ^^^^^^^^^^^^^^^^^^^^^^^^^^^^^^^^^^^^^^^^^ help: change this to: `input.previous_output.vout.to_le_bytes()`
    |
    = help: for further information visit https://rust-lang.github.io/rust-clippy/master/index.html#needless_borrows_for_generic_args

error: the borrowed expression implements the required traits
   --> mempool\src\lib.rs:186:27
    |
186 |             hasher.update(&input.sequence.to_le_bytes());
    |                           ^^^^^^^^^^^^^^^^^^^^^^^^^^^^^ help: change this to: `input.sequence.to_le_bytes()`
    |
    = help: for further information visit https://rust-lang.github.io/rust-clippy/master/index.html#needless_borrows_for_generic_args

error: the borrowed expression implements the required traits
   --> mempool\src\lib.rs:191:27
    |
191 |             hasher.update(&output.amount.to_le_bytes());
    |                           ^^^^^^^^^^^^^^^^^^^^^^^^^^^^ help: change this to: `output.amount.to_le_bytes()`
    |
    = help: for further information visit https://rust-lang.github.io/rust-clippy/master/index.html#needless_borrows_for_generic_args

error: the borrowed expression implements the required traits
   --> mempool\src\lib.rs:194:23
    |
194 |         hasher.update(&tx.lock_time.to_le_bytes());
    |                       ^^^^^^^^^^^^^^^^^^^^^^^^^^^ help: change this to: `tx.lock_time.to_le_bytes()`
    |
    = help: for further information visit https://rust-lang.github.io/rust-clippy/master/index.html#needless_borrows_for_generic_args

error: the borrowed expression implements the required traits
   --> mempool\src\lib.rs:195:23
    |
195 |         hasher.update(&tx.timestamp.to_le_bytes());
    |                       ^^^^^^^^^^^^^^^^^^^^^^^^^^^ help: change this to: `tx.timestamp.to_le_bytes()`
    |
    = help: for further information visit https://rust-lang.github.io/rust-clippy/master/index.html#needless_borrows_for_generic_args

error: could not compile `time-mempool` (lib) due to 14 previous errors
error: manually reimplementing `div_ceil`
   --> consensus\src\lib.rs:282:36
    |
282 |                     let required = (total_nodes * 2 + 2) / 3; // Ceiling of 2/3
    |                                    ^^^^^^^^^^^^^^^^^^^^^^^^^ help: consider using `.div_ceil()`: `(total_nodes * 2).div_ceil(3)`
    |
    = help: for further information visit https://rust-lang.github.io/rust-clippy/master/index.html#manual_div_ceil
    = note: `-D clippy::manual-div-ceil` implied by `-D warnings`
    = help: to override `-D warnings` add `#[allow(clippy::manual_div_ceil)]`

error: manually reimplementing `div_ceil`
   --> consensus\src\lib.rs:317:24
    |
317 |         let required = (total_nodes * 2 + 2) / 3;
    |                        ^^^^^^^^^^^^^^^^^^^^^^^^^ help: consider using `.div_ceil()`: `(total_nodes * 2).div_ceil(3)`
    |
    = help: for further information visit https://rust-lang.github.io/rust-clippy/master/index.html#manual_div_ceil

error: very complex type used. Consider factoring parts into `type` definitions
   --> consensus\src\lib.rs:475:16
    |
475 |         votes: Arc<RwLock<HashMap<u64, HashMap<String, Vec<TxSetVote>>>>>,
    |                ^^^^^^^^^^^^^^^^^^^^^^^^^^^^^^^^^^^^^^^^^^^^^^^^^^^^^^^^^^
    |
    = help: for further information visit https://rust-lang.github.io/rust-clippy/master/index.html#type_complexity
    = note: `-D clippy::type-complexity` implied by `-D warnings`
    = help: to override `-D warnings` add `#[allow(clippy::type_complexity)]`

error: you should consider adding a `Default` implementation for `TxConsensusManager`
   --> consensus\src\lib.rs:480:9
    |
480 | /         pub fn new() -> Self {
481 | |             Self {
482 | |                 proposals: Arc::new(RwLock::new(HashMap::new())),
483 | |                 votes: Arc::new(RwLock::new(HashMap::new())),
...   |
486 | |         }
    | |_________^
    |
    = help: for further information visit https://rust-lang.github.io/rust-clippy/master/index.html#new_without_default
    = note: `-D clippy::new-without-default` implied by `-D warnings`
    = help: to override `-D warnings` add `#[allow(clippy::new_without_default)]`
help: try adding this
    |
479 ~     impl Default for TxConsensusManager {
480 +         fn default() -> Self {
481 +             Self::new()
482 +         }
483 +     }
484 + 
485 ~     impl TxConsensusManager {
    |

error: manually reimplementing `div_ceil`
   --> consensus\src\lib.rs:536:36
    |
536 |                     let required = (total_nodes * 2 + 2) / 3;
    |                                    ^^^^^^^^^^^^^^^^^^^^^^^^^ help: consider using `.div_ceil()`: `(total_nodes * 2).div_ceil(3)`
    |
    = help: for further information visit https://rust-lang.github.io/rust-clippy/master/index.html#manual_div_ceil

error: very complex type used. Consider factoring parts into `type` definitions
   --> consensus\src\lib.rs:614:16
    |
614 |         votes: Arc<RwLock<HashMap<u64, HashMap<String, Vec<BlockVote>>>>>,
    |                ^^^^^^^^^^^^^^^^^^^^^^^^^^^^^^^^^^^^^^^^^^^^^^^^^^^^^^^^^^
    |
    = help: for further information visit https://rust-lang.github.io/rust-clippy/master/index.html#type_complexity

error: you should consider adding a `Default` implementation for `BlockConsensusManager`
   --> consensus\src\lib.rs:620:9
    |
620 | /         pub fn new() -> Self {
621 | |             Self {
622 | |                 proposals: Arc::new(RwLock::new(HashMap::new())),
623 | |                 votes: Arc::new(RwLock::new(HashMap::new())),
...   |
627 | |         }
    | |_________^
    |
    = help: for further information visit https://rust-lang.github.io/rust-clippy/master/index.html#new_without_default
help: try adding this
    |
619 ~     impl Default for BlockConsensusManager {
620 +         fn default() -> Self {
621 +             Self::new()
622 +         }
623 +     }
624 + 
625 ~     impl BlockConsensusManager {
    |

error: manually reimplementing `div_ceil`
   --> consensus\src\lib.rs:677:36
    |
677 |                     let required = (total_nodes * 2 + 2) / 3;
    |                                    ^^^^^^^^^^^^^^^^^^^^^^^^^ help: consider using `.div_ceil()`: `(total_nodes * 2).div_ceil(3)`
    |
    = help: for further information visit https://rust-lang.github.io/rust-clippy/master/index.html#manual_div_ceil

error: this `if` has identical blocks
   --> consensus\src\lib.rs:879:65
    |
879 |                       if node_health.status == NodeStatus::Active {
    |  _________________________________________________________________^
880 | |                         self.transition_to_quarantined(address).await;
881 | |                     } else if node_health.status == NodeStatus::Degraded {
    | |_____________________^
    |
note: same as this
   --> consensus\src\lib.rs:881:74
    |
881 |                       } else if node_health.status == NodeStatus::Degraded {
    |  __________________________________________________________________________^
882 | |                         self.transition_to_quarantined(address).await;
883 | |                     }
    | |_____________________^
    = help: for further information visit https://rust-lang.github.io/rust-clippy/master/index.html#if_same_then_else
    = note: `-D clippy::if-same-then-else` implied by `-D warnings`
    = help: to override `-D warnings` add `#[allow(clippy::if_same_then_else)]`

error: empty string literal in `println!`
   --> consensus\src\lib.rs:897:21
    |
897 |                     println!("");
    |                     ^^^^^^^^^--^
    |                              |
    |                              help: remove the empty string
    |
    = help: for further information visit https://rust-lang.github.io/rust-clippy/master/index.html#println_empty_string
    = note: `-D clippy::println-empty-string` implied by `-D warnings`
    = help: to override `-D warnings` add `#[allow(clippy::println_empty_string)]`

error: empty string literal in `println!`
   --> consensus\src\lib.rs:909:21
    |
909 |                     println!("");
    |                     ^^^^^^^^^--^
    |                              |
    |                              help: remove the empty string
    |
    = help: for further information visit https://rust-lang.github.io/rust-clippy/master/index.html#println_empty_string

error: empty string literal in `println!`
   --> consensus\src\lib.rs:925:17
    |
925 |                 println!("");
    |                 ^^^^^^^^^--^
    |                          |
    |                          help: remove the empty string
    |
    = help: for further information visit https://rust-lang.github.io/rust-clippy/master/index.html#println_empty_string

error: empty string literal in `println!`
   --> consensus\src\lib.rs:951:17
    |
951 |                 println!("");
    |                 ^^^^^^^^^--^
    |                          |
    |                          help: remove the empty string
    |
    = help: for further information visit https://rust-lang.github.io/rust-clippy/master/index.html#println_empty_string

error: empty string literal in `println!`
   --> consensus\src\lib.rs:963:17
    |
963 |                 println!("");
    |                 ^^^^^^^^^--^
    |                          |
    |                          help: remove the empty string
    |
    = help: for further information visit https://rust-lang.github.io/rust-clippy/master/index.html#println_empty_string

error: empty string literal in `println!`
   --> consensus\src\lib.rs:986:17
    |
986 |                 println!("");
    |                 ^^^^^^^^^--^
    |                          |
    |                          help: remove the empty string
    |
    = help: for further information visit https://rust-lang.github.io/rust-clippy/master/index.html#println_empty_string

error: empty string literal in `println!`
    --> consensus\src\lib.rs:1075:13
     |
1075 |             println!("");
     |             ^^^^^^^^^--^
     |                      |
     |                      help: remove the empty string
     |
     = help: for further information visit https://rust-lang.github.io/rust-clippy/master/index.html#println_empty_string

error: empty string literal in `println!`
    --> consensus\src\lib.rs:1098:13
     |
1098 |             println!("");
     |             ^^^^^^^^^--^
     |                      |
     |                      help: remove the empty string
     |
     = help: for further information visit https://rust-lang.github.io/rust-clippy/master/index.html#println_empty_string

error: could not compile `time-consensus` (lib) due to 17 previous errors
